lessoner/MusicInstrumentLessoner/MusicInstrumentLessoner/app/build/outputs/logs/manifest-merger-debug-report.txt
-- Merging decision tree log ---
manifest
ADDED from src/main/AndroidManifest.xml:2:1-43:12
INJECTED from src/main/AndroidManifest.xml:2:1-43:12
INJECTED from src/main/AndroidManifest.xml:2:1-43:12
INJECTED from src/main/AndroidManifest.xml:2:1-43:12
MERGED from [com.android.support:design:27.1.1] AndroidManifest.xml:17:1-22:12
MERGED from [com.github.Semantive:waveform-android:v1.2] AndroidManifest.xml:2:1-11:12
MERGED from [com.github.adrielcafe:AndroidAudioRecorder:0.3.0] AndroidManifest.xml:2:1-18:12
MERGED from [com.cleveroad:audiovisualization:1.0.0] AndroidManifest.xml:2:1-12:12
MERGED from [com.android.support:appcompat-v7:27.1.1] AndroidManifest.xml:17:1-22:12
MERGED from [com.android.support:support-v4:27.1.1] AndroidManifest.xml:17:1-22:12
MERGED from [com.android.support.constraint:constraint-layout:1.1.2] AndroidManifest.xml:2:1-11:12
MERGED from [com.github.adrielcafe:AndroidAudioConverter:0.0.8] AndroidManifest.xml:2:1-13:12
MERGED from [com.android.volley:volley:1.1.1] AndroidManifest.xml:2:1-11:12
MERGED from [com.android.support:support-fragment:27.1.1] AndroidManifest.xml:17:1-22:12
MERGED from [com.android.support:recyclerview-v7:27.1.1] AndroidManifest.xml:17:1-22:12
MERGED from [com.android.support:animated-vector-drawable:27.1.1] AndroidManifest.xml:17:1-22:12
MERGED from [com.android.support:support-core-ui:27.1.1] AndroidManifest.xml:17:1-22:12
MERGED from [com.android.support:support-core-utils:27.1.1] AndroidManifest.xml:17:1-22:12
MERGED from [com.android.support:support-media-compat:27.1.1] AndroidManifest.xml:17:1-22:12
MERGED from [com.android.support:transition:27.1.1] AndroidManifest.xml:17:1-22:12
MERGED from [com.android.support:support-vector-drawable:27.1.1] AndroidManifest.xml:17:1-22:12
MERGED from [com.android.support:support-compat:27.1.1] AndroidManifest.xml:17:1-22:12
MERGED from [com.kailashdabhi:om-recorder:1.1.0] AndroidManifest.xml:2:1-19:12
MERGED from [com.github.adrielcafe:ffmpeg-android-java:2a627f6ecd] AndroidManifest.xml:2:1-14:12
MERGED from [android.arch.lifecycle:livedata-core:1.1.0] AndroidManifest.xml:17:1-22:12
MERGED from [android.arch.lifecycle:viewmodel:1.1.0] AndroidManifest.xml:17:1-22:12
MERGED from [android.arch.lifecycle:runtime:1.1.0] AndroidManifest.xml:17:1-22:12
MERGED from [android.arch.core:runtime:1.1.0] AndroidManifest.xml:17:1-22:12
INJECTED from src/main/AndroidManifest.xml:2:1-43:12
INJECTED from src/main/AndroidManifest.xml:2:1-43:12
INJECTED from src/main/AndroidManifest.xml:2:1-43:12
	package
		ADDED from src/main/AndroidManifest.xml:3:5-51
		INJECTED from src/main/AndroidManifest.xml
		INJECTED from src/main/AndroidManifest.xml
	android:versionName
		INJECTED from src/main/AndroidManifest.xml
		ADDED from src/main/AndroidManifest.xml:2:1-43:12
		INJECTED from src/main/AndroidManifest.xml
	android:versionCode
		INJECTED from src/main/AndroidManifest.xml
		ADDED from src/main/AndroidManifest.xml:2:1-43:12
		INJECTED from src/main/AndroidManifest.xml
	xmlns:android
		ADDED from src/main/AndroidManifest.xml:2:11-69
uses-permission#android.permission.READ_EXTERNAL_STORAGE
ADDED from src/main/AndroidManifest.xml:5:5-80
MERGED from [com.kailashdabhi:om-recorder:1.1.0] AndroidManifest.xml:11:5-80
MERGED from [com.kailashdabhi:om-recorder:1.1.0] AndroidManifest.xml:11:5-80
	android:name
		ADDED from src/main/AndroidManifest.xml:5:22-77
uses-permission#android.permission.RECORD_AUDIO
ADDED from src/main/AndroidManifest.xml:6:5-71
MERGED from [com.kailashdabhi:om-recorder:1.1.0] AndroidManifest.xml:9:5-71
MERGED from [com.kailashdabhi:om-recorder:1.1.0] AndroidManifest.xml:9:5-71
	android:name
		ADDED from src/main/AndroidManifest.xml:6:22-68
uses-permission#android.permission.WRITE_EXTERNAL_STORAGE
ADDED from src/main/AndroidManifest.xml:7:5-81
MERGED from [com.kailashdabhi:om-recorder:1.1.0] AndroidManifest.xml:10:5-81
MERGED from [com.kailashdabhi:om-recorder:1.1.0] AndroidManifest.xml:10:5-81
	android:name
		ADDED from src/main/AndroidManifest.xml:7:22-78
uses-permission#android.permission.WAKE_LOCK
ADDED from src/main/AndroidManifest.xml:8:5-68
	android:name
		ADDED from src/main/AndroidManifest.xml:8:22-65
uses-permission#android.permission.INTERNET
ADDED from src/main/AndroidManifest.xml:9:5-67
	android:name
		ADDED from src/main/AndroidManifest.xml:9:22-64
application
ADDED from src/main/AndroidManifest.xml:12:5-41:19
MERGED from [com.github.adrielcafe:AndroidAudioRecorder:0.3.0] AndroidManifest.xml:11:5-16:19
MERGED from [com.github.adrielcafe:AndroidAudioRecorder:0.3.0] AndroidManifest.xml:11:5-16:19
MERGED from [com.android.support.constraint:constraint-layout:1.1.2] AndroidManifest.xml:9:5-20
MERGED from [com.android.support.constraint:constraint-layout:1.1.2] AndroidManifest.xml:9:5-20
MERGED from [com.github.adrielcafe:AndroidAudioConverter:0.0.8] AndroidManifest.xml:11:5-53
MERGED from [com.github.adrielcafe:AndroidAudioConverter:0.0.8] AndroidManifest.xml:11:5-53
MERGED from [com.android.volley:volley:1.1.1] AndroidManifest.xml:9:5-20
MERGED from [com.android.volley:volley:1.1.1] AndroidManifest.xml:9:5-20
MERGED from [com.kailashdabhi:om-recorder:1.1.0] AndroidManifest.xml:13:5-17:19
MERGED from [com.kailashdabhi:om-recorder:1.1.0] AndroidManifest.xml:13:5-17:19
MERGED from [com.github.adrielcafe:ffmpeg-android-java:2a627f6ecd] AndroidManifest.xml:12:5-20
MERGED from [com.github.adrielcafe:ffmpeg-android-java:2a627f6ecd] AndroidManifest.xml:12:5-20
	android:label
		ADDED from [com.github.adrielcafe:AndroidAudioRecorder:0.3.0] AndroidManifest.xml:11:18-50
	android:supportsRtl
		ADDED from src/main/AndroidManifest.xml:19:9-35
	android:hardwareAccelerated
		ADDED from src/main/AndroidManifest.xml:15:9-44
	android:roundIcon
		ADDED from src/main/AndroidManifest.xml:18:9-54
	android:largeHeap
		ADDED from src/main/AndroidManifest.xml:17:9-33
	android:icon
		ADDED from src/main/AndroidManifest.xml:16:9-43
	android:allowBackup
		ADDED from src/main/AndroidManifest.xml:14:9-35
	android:theme
		ADDED from src/main/AndroidManifest.xml:20:9-40
	android:name
		ADDED from src/main/AndroidManifest.xml:13:9-28
activity#hack.the.wap.musicinstrumentlessoner.myactivity.SplashActivity
ADDED from src/main/AndroidManifest.xml:21:9-30:20
	android:label
		ADDED from src/main/AndroidManifest.xml:23:13-44
	android:theme
		ADDED from src/main/AndroidManifest.xml:24:13-56
	android:name
		ADDED from src/main/AndroidManifest.xml:22:13-54
intent-filter#action:name:android.intent.action.MAIN+category:name:android.intent.category.LAUNCHER
ADDED from src/main/AndroidManifest.xml:25:13-29:29
action#android.intent.action.MAIN
ADDED from src/main/AndroidManifest.xml:26:17-69
	android:name
		ADDED from src/main/AndroidManifest.xml:26:25-66
category#android.intent.category.LAUNCHER
ADDED from src/main/AndroidManifest.xml:28:17-77
	android:name
		ADDED from src/main/AndroidManifest.xml:28:27-74
activity#hack.the.wap.musicinstrumentlessoner.myactivity.LoginActivity
ADDED from src/main/AndroidManifest.xml:31:9-62
	android:name
		ADDED from src/main/AndroidManifest.xml:31:19-59
activity#hack.the.wap.musicinstrumentlessoner.myactivity.MainActivity
ADDED from src/main/AndroidManifest.xml:32:9-34:51
	android:theme
		ADDED from src/main/AndroidManifest.xml:34:13-48
	android:name
		ADDED from src/main/AndroidManifest.xml:33:13-52
activity#hack.the.wap.musicinstrumentlessoner.myactivity.TemplateDetailActivity
ADDED from src/main/AndroidManifest.xml:35:9-71
	android:name
		ADDED from src/main/AndroidManifest.xml:35:19-68
activity#hack.the.wap.musicinstrumentlessoner.myactivity.PracticeDetailActivity
ADDED from src/main/AndroidManifest.xml:36:9-71
	android:name
		ADDED from src/main/AndroidManifest.xml:36:19-68
activity#hack.the.wap.musicinstrumentlessoner.myactivity.TeacherPracticeDetailActivity
ADDED from src/main/AndroidManifest.xml:37:9-78
	android:name
		ADDED from src/main/AndroidManifest.xml:37:19-75
activity#hack.the.wap.musicinstrumentlessoner.myactivity.UserGroupDetailActivity
ADDED from src/main/AndroidManifest.xml:38:9-72
	android:name
		ADDED from src/main/AndroidManifest.xml:38:19-69
activity#hack.the.wap.musicinstrumentlessoner.myactivity.GuideActivity
ADDED from src/main/AndroidManifest.xml:39:9-62
	android:name
		ADDED from src/main/AndroidManifest.xml:39:19-59
activity#hack.the.wap.musicinstrumentlessoner.myactivity.PracticeListenActivity
ADDED from src/main/AndroidManifest.xml:40:9-71
	android:name
		ADDED from src/main/AndroidManifest.xml:40:19-68
uses-sdk
INJECTED from src/main/AndroidManifest.xml reason: use-sdk injection requested
INJECTED from src/main/AndroidManifest.xml
INJECTED from src/main/AndroidManifest.xml
MERGED from [com.android.support:design:27.1.1] AndroidManifest.xml:20:5-44
MERGED from [com.android.support:design:27.1.1] AndroidManifest.xml:20:5-44
MERGED from [com.github.Semantive:waveform-android:v1.2] AndroidManifest.xml:7:5-9:41
MERGED from [com.github.Semantive:waveform-android:v1.2] AndroidManifest.xml:7:5-9:41
MERGED from [com.github.adrielcafe:AndroidAudioRecorder:0.3.0] AndroidManifest.xml:7:5-9:41
MERGED from [com.github.adrielcafe:AndroidAudioRecorder:0.3.0] AndroidManifest.xml:7:5-9:41
MERGED from [com.cleveroad:audiovisualization:1.0.0] AndroidManifest.xml:8:5-10:41
MERGED from [com.cleveroad:audiovisualization:1.0.0] AndroidManifest.xml:8:5-10:41
MERGED from [com.android.support:appcompat-v7:27.1.1] AndroidManifest.xml:20:5-44
MERGED from [com.android.support:appcompat-v7:27.1.1] AndroidManifest.xml:20:5-44
MERGED from [com.android.support:support-v4:27.1.1] AndroidManifest.xml:20:5-44
MERGED from [com.android.support:support-v4:27.1.1] AndroidManifest.xml:20:5-44
MERGED from [com.android.support.constraint:constraint-layout:1.1.2] AndroidManifest.xml:5:5-7:41
MERGED from [com.android.support.constraint:constraint-layout:1.1.2] AndroidManifest.xml:5:5-7:41
MERGED from [com.github.adrielcafe:AndroidAudioConverter:0.0.8] AndroidManifest.xml:7:5-9:41
MERGED from [com.github.adrielcafe:AndroidAudioConverter:0.0.8] AndroidManifest.xml:7:5-9:41
MERGED from [com.android.volley:volley:1.1.1] AndroidManifest.xml:7:5-43
MERGED from [com.android.volley:volley:1.1.1] AndroidManifest.xml:7:5-43
MERGED from [com.android.support:support-fragment:27.1.1] AndroidManifest.xml:20:5-44
MERGED from [com.android.support:support-fragment:27.1.1] AndroidManifest.xml:20:5-44
MERGED from [com.android.support:recyclerview-v7:27.1.1] AndroidManifest.xml:20:5-44
MERGED from [com.android.support:recyclerview-v7:27.1.1] AndroidManifest.xml:20:5-44
MERGED from [com.android.support:animated-vector-drawable:27.1.1] AndroidManifest.xml:20:5-44
MERGED from [com.android.support:animated-vector-drawable:27.1.1] AndroidManifest.xml:20:5-44
MERGED from [com.android.support:support-core-ui:27.1.1] AndroidManifest.xml:20:5-44
MERGED from [com.android.support:support-core-ui:27.1.1] AndroidManifest.xml:20:5-44
MERGED from [com.android.support:support-core-utils:27.1.1] AndroidManifest.xml:20:5-44
MERGED from [com.android.support:support-core-utils:27.1.1] AndroidManifest.xml:20:5-44
MERGED from [com.android.support:support-media-compat:27.1.1] AndroidManifest.xml:20:5-44
MERGED from [com.android.support:support-media-compat:27.1.1] AndroidManifest.xml:20:5-44
MERGED from [com.android.support:transition:27.1.1] AndroidManifest.xml:20:5-44
MERGED from [com.android.support:transition:27.1.1] AndroidManifest.xml:20:5-44
MERGED from [com.android.support:support-vector-drawable:27.1.1] AndroidManifest.xml:20:5-44
MERGED from [com.android.support:support-vector-drawable:27.1.1] AndroidManifest.xml:20:5-44
MERGED from [com.android.support:support-compat:27.1.1] AndroidManifest.xml:20:5-44
MERGED from [com.android.support:support-compat:27.1.1] AndroidManifest.xml:20:5-44
MERGED from [com.kailashdabhi:om-recorder:1.1.0] AndroidManifest.xml:5:5-7:41
MERGED from [com.kailashdabhi:om-recorder:1.1.0] AndroidManifest.xml:5:5-7:41
MERGED from [com.github.adrielcafe:ffmpeg-android-java:2a627f6ecd] AndroidManifest.xml:8:5-10:41
MERGED from [com.github.adrielcafe:ffmpeg-android-java:2a627f6ecd] AndroidManifest.xml:8:5-10:41
MERGED from [android.arch.lifecycle:livedata-core:1.1.0] AndroidManifest.xml:20:5-44
MERGED from [android.arch.lifecycle:livedata-core:1.1.0] AndroidManifest.xml:20:5-44
MERGED from [android.arch.lifecycle:viewmodel:1.1.0] AndroidManifest.xml:20:5-44
MERGED from [android.arch.lifecycle:viewmodel:1.1.0] AndroidManifest.xml:20:5-44
MERGED from [android.arch.lifecycle:runtime:1.1.0] AndroidManifest.xml:20:5-44
MERGED from [android.arch.lifecycle:runtime:1.1.0] AndroidManifest.xml:20:5-44
MERGED from [android.arch.core:runtime:1.1.0] AndroidManifest.xml:20:5-44
MERGED from [android.arch.core:runtime:1.1.0] AndroidManifest.xml:20:5-44
INJECTED from src/main/AndroidManifest.xml
INJECTED from src/main/AndroidManifest.xml
	android:targetSdkVersion
		INJECTED from src/main/AndroidManifest.xml
		ADDED from src/main/AndroidManifest.xml
		INJECTED from src/main/AndroidManifest.xml
	android:minSdkVersion
		INJECTED from src/main/AndroidManifest.xml
		ADDED from src/main/AndroidManifest.xml
		INJECTED from src/main/AndroidManifest.xml
activity#cafe.adriel.androidaudiorecorder.AudioRecorderActivity
ADDED from [com.github.adrielcafe:AndroidAudioRecorder:0.3.0] AndroidManifest.xml:12:9-15:54
	android:screenOrientation
		ADDED from [com.github.adrielcafe:AndroidAudioRecorder:0.3.0] AndroidManifest.xml:14:13-49
	android:theme
		ADDED from [com.github.adrielcafe:AndroidAudioRecorder:0.3.0] AndroidManifest.xml:15:13-51
	android:name
		ADDED from [com.github.adrielcafe:AndroidAudioRecorder:0.3.0] AndroidManifest.xml:13:13-82